Desktop is 1366 x 768 @ 60 Hz
New context 0x3fbba50 created with attributes:
Initialize engine version: 5.6.0f3 (497a0f351392)
GfxDevice: creating device client; threaded=1
Renderer: Mesa DRI Intel(R) Sandybridge Mobile 
Vendor:   Intel Open Source Technology Center
Version:  3.3 (Core Profile) Mesa 18.2.1
GLES:     0
 GL_3DFX_texture_compression_FXT1 GL_AMD_draw_buffers_blend GL_AMD_seamless_cubemap_per_texture GL_AMD_shader_trinary_minmax GL_AMD_vertex_shader_layer GL_AMD_vertex_shader_viewport_index GL_ANGLE_texture_compression_dxt3 GL_ANGLE_texture_compression_dxt5 GL_APPLE_object_purgeable GL_ARB_ES2_compatibility GL_ARB_ES3_compatibility GL_ARB_arrays_of_arrays GL_ARB_base_instance GL_ARB_blend_func_extended GL_ARB_buffer_storage GL_ARB_clear_buffer_object GL_ARB_clear_texture GL_ARB_clip_control GL_ARB_compressed_texture_pixel_storage GL_ARB_conditional_render_inverted GL_ARB_copy_buffer GL_ARB_copy_image GL_ARB_cull_distance GL_ARB_debug_output GL_ARB_depth_buffer_float GL_ARB_depth_clamp GL_ARB_direct_state_access GL_ARB_draw_buffers GL_ARB_draw_buffers_blend GL_ARB_draw_elements_base_vertex GL_ARB_draw_instanced GL_ARB_enhanced_layouts GL_ARB_explicit_attrib_location GL_ARB_explicit_uniform_location GL_ARB_fragment_coord_conventions GL_ARB_fragment_layer_viewport GL_ARB_fragment_shader GL_ARB_framebuffer_object 
GL_ARB_framebuffer_sRGB GL_ARB_get_program_binary GL_ARB_get_texture_sub_image GL_ARB_half_float_pixel GL_ARB_half_float_vertex GL_ARB_instanced_arrays GL_ARB_internalformat_query GL_ARB_internalformat_query2 GL_ARB_invalidate_subdata GL_ARB_map_buffer_alignment GL_ARB_map_buffer_range GL_ARB_multi_bind GL_ARB_occlusion_query2 GL_ARB_pipeline_statistics_query GL_ARB_pixel_buffer_object GL_ARB_point_sprite GL_ARB_polygon_offset_clamp GL_ARB_program_interface_query GL_ARB_provoking_vertex GL_ARB_robustness GL_ARB_sample_shading GL_ARB_sampler_objects GL_ARB_seamless_cube_map GL_ARB_seamless_cubemap_per_texture GL_ARB_separate_shader_objects GL_ARB_shader_bit_encoding GL_ARB_shader_draw_parameters GL_ARB_shader_group_vote GL_ARB_shader_objects GL_ARB_shader_subroutine GL_ARB_shader_texture_lod GL_ARB_shader_viewport_layer_array GL_ARB_shading_language_420pack GL_ARB_shading_language_packing GL_ARB_sync GL_ARB_texture_barrier GL_ARB_texture_buffer_object GL_ARB_texture_buffer_object_rgb32 GL_ARB_texture_buffer_r
ange GL_ARB_texture_compression_rgtc GL_ARB_texture_cube_map_array GL_ARB_texture_filter_anisotropic GL_ARB_texture_float GL_ARB_texture_gather GL_ARB_texture_mirror_clamp_to_edge GL_ARB_texture_multisample GL_ARB_texture_non_power_of_two GL_ARB_texture_query_levels GL_ARB_texture_query_lod GL_ARB_texture_rectangle GL_ARB_texture_rg GL_ARB_texture_rgb10_a2ui GL_ARB_texture_storage GL_ARB_texture_storage_multisample GL_ARB_texture_swizzle GL_ARB_timer_query GL_ARB_transform_feedback2 GL_ARB_transform_feedback_overflow_query GL_ARB_uniform_buffer_object GL_ARB_vertex_array_bgra GL_ARB_vertex_array_object GL_ARB_vertex_attrib_binding GL_ARB_vertex_shader GL_ARB_vertex_type_10f_11f_11f_rev GL_ARB_vertex_type_2_10_10_10_rev GL_ARB_viewport_array GL_ATI_blend_equation_separate GL_ATI_texture_float GL_EXT_abgr GL_EXT_blend_equation_separate GL_EXT_draw_buffers2 GL_EXT_draw_instanced GL_EXT_framebuffer_blit GL_EXT_framebuffer_multisample GL_EXT_framebuffer_multisample_blit_scaled GL_EXT_framebuffer_sRGB GL_EXT_packe
d_depth_stencil GL_EXT_packed_float GL_EXT_pixel_buffer_object GL_EXT_polygon_offset_clamp GL_EXT_provoking_vertex GL_EXT_shader_framebuffer_fetch_non_coherent GL_EXT_shader_integer_mix GL_EXT_texture_array GL_EXT_texture_compression_dxt1 GL_EXT_texture_compression_rgtc GL_EXT_texture_compression_s3tc GL_EXT_texture_filter_anisotropic GL_EXT_texture_integer GL_EXT_texture_sRGB GL_EXT_texture_sRGB_decode GL_EXT_texture_shared_exponent GL_EXT_texture_snorm GL_EXT_texture_swizzle GL_EXT_timer_query GL_EXT_transform_feedback GL_EXT_vertex_array_bgra GL_IBM_multimode_draw_arrays GL_INTEL_performance_query GL_KHR_blend_equation_advanced GL_KHR_context_flush_control GL_KHR_debug GL_KHR_no_error GL_KHR_robustness GL_MESA_pack_invert GL_MESA_shader_integer_functions GL_MESA_texture_signed_rgba GL_NV_conditional_render GL_NV_depth_clamp GL_NV_packed_depth_stencil GL_NV_texture_barrier GL_OES_EGL_image GL_S3_s3tc
OPENGL LOG: Creating OpenGL 3.3 graphics device ; Context level  <OpenGL 3.3> ; Context handle 66828880
AudioManager: Using PulseAudio: Default Output Device
Begin MonoManager ReloadAssembly
Platform assembly: /home/ericleoo/Downloads/insex3/0.6_Linux_64Bit_(U)_Data/Managed/UnityEngine.dll (this message is harmless)
Loading /home/ericleoo/Downloads/insex3/0.6_Linux_64Bit_(U)_Data/Managed/UnityEngine.dll into Unity Child Domain
Platform assembly: /home/ericleoo/Downloads/insex3/0.6_Linux_64Bit_(U)_Data/Managed/Assembly-CSharp.dll (this message is harmless)
Loading /home/ericleoo/Downloads/insex3/0.6_Linux_64Bit_(U)_Data/Managed/Assembly-CSharp.dll into Unity Child Domain
Platform assembly: /home/ericleoo/Downloads/insex3/0.6_Linux_64Bit_(U)_Data/Managed/UnityEngine.UI.dll (this message is harmless)
Loading /home/ericleoo/Downloads/insex3/0.6_Linux_64Bit_(U)_Data/Managed/UnityEngine.UI.dll into Unity Child Domain
Platform assembly: /home/ericleoo/Downloads/insex3/0.6_Linux_64Bit_(U)_Data/Managed/UnityEngine.Networking.dll (this message is harmless)
Loading /home/ericleoo/Downloads/insex3/0.6_Linux_64Bit_(U)_Data/Managed/UnityEngine.Networking.dll into Unity Child Domain
- Completed reload, in  0.080 seconds
Platform assembly: /home/ericleoo/Downloads/insex3/0.6_Linux_64Bit_(U)_Data/Managed/System.Core.dll (this message is harmless)
Platform assembly: /home/ericleoo/Downloads/insex3/0.6_Linux_64Bit_(U)_Data/Managed/System.dll (this message is harmless)
OnLevelWasLoaded was found on Fading
This message has been deprecated and will be removed in a later version of Unity.
Add a delegate to SceneManager.sceneLoaded instead to get notifications after scene loading has completed
 
(Filename:  Line: 376)

The referenced script on this Behaviour (Game Object 'Panel') is missing!
 
(Filename:  Line: 1743)

WARNING: BC6H/BC7 texture format is not supported, decompressing texture
New context 0x15672e30 created with attributes:
Default vsync count 0
requesting resize 1366 x 768
resizing window to 1366 x 768
Desktop is 1366 x 768 @ 60 Hz
UnloadTime: 3.669000 ms
Unloading 4 Unused Serialized files (Serialized files now loaded: 0)
UnloadTime: 8.469999 ms

Unloading 4 unused Assets to reduce memory usage. Loaded Objects now: 13033.
Total: 8.324000 ms (FindLiveObjects: 0.609000 ms CreateObjectMapping: 0.739000 ms MarkObjects: 6.934000 ms  DeleteObjects: 0.042000 ms)

The referenced script on this Behaviour (Game Object 'Panel') is missing!
 
(Filename:  Line: 1743)

Unloading 10 Unused Serialized files (Serialized files now loaded: 0)
UnloadTime: 1.781000 ms
Platform assembly: /home/ericleoo/Downloads/insex3/0.6_Linux_64Bit_(U)_Data/Managed/System.Xml.dll (this message is harmless)
Eng

Unloading 98 unused Assets to reduce memory usage. Loaded Objects now: 22577.
Total: 19.089001 ms (FindLiveObjects: 1.444000 ms CreateObjectMapping: 1.333000 ms MarkObjects: 16.073999 ms  DeleteObjects: 0.238000 ms)

Unloading 4 Unused Serialized files (Serialized files now loaded: 0)
UnloadTime: 1.962000 ms

Unloading 1 unused Assets to reduce memory usage. Loaded Objects now: 23218.
Total: 23.241001 ms (FindLiveObjects: 1.687000 ms CreateObjectMapping: 1.364000 ms MarkObjects: 20.146000 ms  DeleteObjects: 0.042000 ms)

Setting up 2 worker threads for Enlighten.
  Thread -> id: 7f26eb7fe700 -> priority: 1 
  Thread -> id: 7f26dd37f700 -> priority: 1 
